
Importing C:\Users\Public\Documents\Altium\Projects\Led Panel\PDNAnalyzer_Output\Led Panel\Unnamed simulation (1)\odb.tgz... [Fri Apr 14 14:47:47 2023]
============================================================
Reading ODB++ database ...

file not found: odb/misc/info.Z
Reading file odb/matrix/matrix...
Reading file odb/steps/pcb/profile...
Reading file odb/steps/pcb/eda/data...
Origin of ODB++ database:  Altium Designer file - Version 1.0.0.30000
eda data: 2 packages, 3 nets.
Reading file odb/steps/pcb/layers/top_solder/features...
107 SWHs on layer TOP_SOLDER

Reading file odb/steps/pcb/layers/top_layer/features...
285 SWHs on layer TOP_LAYER

Reading file odb/steps/pcb/layers/dielectric_1/features...
0 SWHs on layer DIELECTRIC_1

Reading file odb/steps/pcb/layers/bottom_layer/features...
6 SWHs on layer BOTTOM_LAYER

Reading file odb/steps/pcb/layers/bottom_solder/features...
6 SWHs on layer BOTTOM_SOLDER

Reading file odb/steps/pcb/layers/top_solder/attrlist...
Reading file odb/steps/pcb/layers/top_layer/attrlist...
Reading file odb/steps/pcb/layers/dielectric_1/attrlist...
Reading file odb/steps/pcb/layers/bottom_layer/attrlist...
Reading file odb/steps/pcb/layers/bottom_solder/attrlist...
WARNING: material values were set to default due to missing information for the following layers:  'TOP_SOLDER', 'TOP_LAYER', 'BOTTOM_LAYER', 'BOTTOM_SOLDER'
parsing drills BOTTOM_LAYER-TOP_LAYER
Reading file odb/steps/pcb/layers/drill_plated_bottom-top/features...
Reading file odb/steps/pcb/layers/comp_+_top/components...
Reading file odb/steps/pcb/layers/comp_+_bot/components...
INFO: 7 duplicate vertices ignored
========================================
INFO: Created CSV file (C:\Users\Public\Documents\Altium\Projects\Led Panel\PDNAnalyzer_Output\Led Panel\Unnamed simulation (1)\Results\tmp\design.csv) with component properties extracted from ODB++ file.
========================================
========================================
Lumped-element import (C:\Users\Public\Documents\Altium\Projects\Led Panel\PDNAnalyzer_Output\Led Panel\Unnamed simulation (1)\Results\tmp\design.csv)...
Detected ' ; ' as separator.

========================================
Auto-imported CSV-file 'C:\Users\Public\Documents\Altium\Projects\Led Panel\PDNAnalyzer_Output\Led Panel\Unnamed simulation (1)\Results\tmp\design.csv'.
========================================
Unifying library padstacks...
Finished reading database.
============================================================
