Added Component: Designator=D1(L1IG0750100000000)
Add component (AddParameter): Name = "Datasheet Link"; Value = "https://www.lumileds.com/uploads/838/DS263-luxeon-ir-onyx-datasheet-pdf"; VariantName = "[No Variations]"
Add component (AddParameter): Name = "Manufacturer_Name"; Value = "Lumileds"; VariantName = "[No Variations]"
Add component (AddParameter): Name = "Manufacturer_Part_Number"; Value = "L1IG-0750100000000"; VariantName = "[No Variations]"
Add component (AddParameter): Name = "Mouser Part Number"; Value = "997-L1IG075010000"; VariantName = "[No Variations]"
Add component (AddParameter): Name = "Mouser Price/Stock"; Value = "https://www.mouser.co.uk/ProductDetail/Lumileds/L1IG-0750100000000?qs=UXgszm6BlbFsaqyaTO4YIQ%3D%3D"; VariantName = "[No Variations]"
Added Component: Designator=D2(L1IG0750100000000)
Add component (AddParameter): Name = "Datasheet Link"; Value = "https://www.lumileds.com/uploads/838/DS263-luxeon-ir-onyx-datasheet-pdf"; VariantName = "[No Variations]"
Add component (AddParameter): Name = "Manufacturer_Name"; Value = "Lumileds"; VariantName = "[No Variations]"
Add component (AddParameter): Name = "Manufacturer_Part_Number"; Value = "L1IG-0750100000000"; VariantName = "[No Variations]"
Add component (AddParameter): Name = "Mouser Part Number"; Value = "997-L1IG075010000"; VariantName = "[No Variations]"
Add component (AddParameter): Name = "Mouser Price/Stock"; Value = "https://www.mouser.co.uk/ProductDetail/Lumileds/L1IG-0750100000000?qs=UXgszm6BlbFsaqyaTO4YIQ%3D%3D"; VariantName = "[No Variations]"
Added Component: Designator=D3(L1IG0750100000000)
Add component (AddParameter): Name = "Datasheet Link"; Value = "https://www.lumileds.com/uploads/838/DS263-luxeon-ir-onyx-datasheet-pdf"; VariantName = "[No Variations]"
Add component (AddParameter): Name = "Manufacturer_Name"; Value = "Lumileds"; VariantName = "[No Variations]"
Add component (AddParameter): Name = "Manufacturer_Part_Number"; Value = "L1IG-0750100000000"; VariantName = "[No Variations]"
Add component (AddParameter): Name = "Mouser Part Number"; Value = "997-L1IG075010000"; VariantName = "[No Variations]"
Add component (AddParameter): Name = "Mouser Price/Stock"; Value = "https://www.mouser.co.uk/ProductDetail/Lumileds/L1IG-0750100000000?qs=UXgszm6BlbFsaqyaTO4YIQ%3D%3D"; VariantName = "[No Variations]"
Added Component: Designator=D4(L1IG0750100000000)
Add component (AddParameter): Name = "Datasheet Link"; Value = "https://www.lumileds.com/uploads/838/DS263-luxeon-ir-onyx-datasheet-pdf"; VariantName = "[No Variations]"
Add component (AddParameter): Name = "Manufacturer_Name"; Value = "Lumileds"; VariantName = "[No Variations]"
Add component (AddParameter): Name = "Manufacturer_Part_Number"; Value = "L1IG-0750100000000"; VariantName = "[No Variations]"
Add component (AddParameter): Name = "Mouser Part Number"; Value = "997-L1IG075010000"; VariantName = "[No Variations]"
Add component (AddParameter): Name = "Mouser Price/Stock"; Value = "https://www.mouser.co.uk/ProductDetail/Lumileds/L1IG-0750100000000?qs=UXgszm6BlbFsaqyaTO4YIQ%3D%3D"; VariantName = "[No Variations]"
Added Component: Designator=D5(L1IG0750100000000)
Add component (AddParameter): Name = "Datasheet Link"; Value = "https://www.lumileds.com/uploads/838/DS263-luxeon-ir-onyx-datasheet-pdf"; VariantName = "[No Variations]"
Add component (AddParameter): Name = "Manufacturer_Name"; Value = "Lumileds"; VariantName = "[No Variations]"
Add component (AddParameter): Name = "Manufacturer_Part_Number"; Value = "L1IG-0750100000000"; VariantName = "[No Variations]"
Add component (AddParameter): Name = "Mouser Part Number"; Value = "997-L1IG075010000"; VariantName = "[No Variations]"
Add component (AddParameter): Name = "Mouser Price/Stock"; Value = "https://www.mouser.co.uk/ProductDetail/Lumileds/L1IG-0750100000000?qs=UXgszm6BlbFsaqyaTO4YIQ%3D%3D"; VariantName = "[No Variations]"
Added Component: Designator=D6(L1IG0750100000000)
Add component (AddParameter): Name = "Datasheet Link"; Value = "https://www.lumileds.com/uploads/838/DS263-luxeon-ir-onyx-datasheet-pdf"; VariantName = "[No Variations]"
Add component (AddParameter): Name = "Manufacturer_Name"; Value = "Lumileds"; VariantName = "[No Variations]"
Add component (AddParameter): Name = "Manufacturer_Part_Number"; Value = "L1IG-0750100000000"; VariantName = "[No Variations]"
Add component (AddParameter): Name = "Mouser Part Number"; Value = "997-L1IG075010000"; VariantName = "[No Variations]"
Add component (AddParameter): Name = "Mouser Price/Stock"; Value = "https://www.mouser.co.uk/ProductDetail/Lumileds/L1IG-0750100000000?qs=UXgszm6BlbFsaqyaTO4YIQ%3D%3D"; VariantName = "[No Variations]"
Added Component: Designator=D7(L1IG0750100000000)
Add component (AddParameter): Name = "Datasheet Link"; Value = "https://www.lumileds.com/uploads/838/DS263-luxeon-ir-onyx-datasheet-pdf"; VariantName = "[No Variations]"
Add component (AddParameter): Name = "Manufacturer_Name"; Value = "Lumileds"; VariantName = "[No Variations]"
Add component (AddParameter): Name = "Manufacturer_Part_Number"; Value = "L1IG-0750100000000"; VariantName = "[No Variations]"
Add component (AddParameter): Name = "Mouser Part Number"; Value = "997-L1IG075010000"; VariantName = "[No Variations]"
Add component (AddParameter): Name = "Mouser Price/Stock"; Value = "https://www.mouser.co.uk/ProductDetail/Lumileds/L1IG-0750100000000?qs=UXgszm6BlbFsaqyaTO4YIQ%3D%3D"; VariantName = "[No Variations]"
Added Component: Designator=D8(L1IG0750100000000)
Add component (AddParameter): Name = "Datasheet Link"; Value = "https://www.lumileds.com/uploads/838/DS263-luxeon-ir-onyx-datasheet-pdf"; VariantName = "[No Variations]"
Add component (AddParameter): Name = "Manufacturer_Name"; Value = "Lumileds"; VariantName = "[No Variations]"
Add component (AddParameter): Name = "Manufacturer_Part_Number"; Value = "L1IG-0750100000000"; VariantName = "[No Variations]"
Add component (AddParameter): Name = "Mouser Part Number"; Value = "997-L1IG075010000"; VariantName = "[No Variations]"
Add component (AddParameter): Name = "Mouser Price/Stock"; Value = "https://www.mouser.co.uk/ProductDetail/Lumileds/L1IG-0750100000000?qs=UXgszm6BlbFsaqyaTO4YIQ%3D%3D"; VariantName = "[No Variations]"
Added Component: Designator=D9(L1IG0750100000000)
Add component (AddParameter): Name = "Datasheet Link"; Value = "https://www.lumileds.com/uploads/838/DS263-luxeon-ir-onyx-datasheet-pdf"; VariantName = "[No Variations]"
Add component (AddParameter): Name = "Manufacturer_Name"; Value = "Lumileds"; VariantName = "[No Variations]"
Add component (AddParameter): Name = "Manufacturer_Part_Number"; Value = "L1IG-0750100000000"; VariantName = "[No Variations]"
Add component (AddParameter): Name = "Mouser Part Number"; Value = "997-L1IG075010000"; VariantName = "[No Variations]"
Add component (AddParameter): Name = "Mouser Price/Stock"; Value = "https://www.mouser.co.uk/ProductDetail/Lumileds/L1IG-0750100000000?qs=UXgszm6BlbFsaqyaTO4YIQ%3D%3D"; VariantName = "[No Variations]"
Added Component: Designator=D10(L1IG0750100000000)
Add component (AddParameter): Name = "Datasheet Link"; Value = "https://www.lumileds.com/uploads/838/DS263-luxeon-ir-onyx-datasheet-pdf"; VariantName = "[No Variations]"
Add component (AddParameter): Name = "Manufacturer_Name"; Value = "Lumileds"; VariantName = "[No Variations]"
Add component (AddParameter): Name = "Manufacturer_Part_Number"; Value = "L1IG-0750100000000"; VariantName = "[No Variations]"
Add component (AddParameter): Name = "Mouser Part Number"; Value = "997-L1IG075010000"; VariantName = "[No Variations]"
Add component (AddParameter): Name = "Mouser Price/Stock"; Value = "https://www.mouser.co.uk/ProductDetail/Lumileds/L1IG-0750100000000?qs=UXgszm6BlbFsaqyaTO4YIQ%3D%3D"; VariantName = "[No Variations]"
Added Component: Designator=D11(L1IG0750100000000)
Add component (AddParameter): Name = "Datasheet Link"; Value = "https://www.lumileds.com/uploads/838/DS263-luxeon-ir-onyx-datasheet-pdf"; VariantName = "[No Variations]"
Add component (AddParameter): Name = "Manufacturer_Name"; Value = "Lumileds"; VariantName = "[No Variations]"
Add component (AddParameter): Name = "Manufacturer_Part_Number"; Value = "L1IG-0750100000000"; VariantName = "[No Variations]"
Add component (AddParameter): Name = "Mouser Part Number"; Value = "997-L1IG075010000"; VariantName = "[No Variations]"
Add component (AddParameter): Name = "Mouser Price/Stock"; Value = "https://www.mouser.co.uk/ProductDetail/Lumileds/L1IG-0750100000000?qs=UXgszm6BlbFsaqyaTO4YIQ%3D%3D"; VariantName = "[No Variations]"
Added Component: Designator=D12(L1IG0750100000000)
Add component (AddParameter): Name = "Datasheet Link"; Value = "https://www.lumileds.com/uploads/838/DS263-luxeon-ir-onyx-datasheet-pdf"; VariantName = "[No Variations]"
Add component (AddParameter): Name = "Manufacturer_Name"; Value = "Lumileds"; VariantName = "[No Variations]"
Add component (AddParameter): Name = "Manufacturer_Part_Number"; Value = "L1IG-0750100000000"; VariantName = "[No Variations]"
Add component (AddParameter): Name = "Mouser Part Number"; Value = "997-L1IG075010000"; VariantName = "[No Variations]"
Add component (AddParameter): Name = "Mouser Price/Stock"; Value = "https://www.mouser.co.uk/ProductDetail/Lumileds/L1IG-0750100000000?qs=UXgszm6BlbFsaqyaTO4YIQ%3D%3D"; VariantName = "[No Variations]"
Added Component: Designator=D13(L1IG0750100000000)
Add component (AddParameter): Name = "Datasheet Link"; Value = "https://www.lumileds.com/uploads/838/DS263-luxeon-ir-onyx-datasheet-pdf"; VariantName = "[No Variations]"
Add component (AddParameter): Name = "Manufacturer_Name"; Value = "Lumileds"; VariantName = "[No Variations]"
Add component (AddParameter): Name = "Manufacturer_Part_Number"; Value = "L1IG-0750100000000"; VariantName = "[No Variations]"
Add component (AddParameter): Name = "Mouser Part Number"; Value = "997-L1IG075010000"; VariantName = "[No Variations]"
Add component (AddParameter): Name = "Mouser Price/Stock"; Value = "https://www.mouser.co.uk/ProductDetail/Lumileds/L1IG-0750100000000?qs=UXgszm6BlbFsaqyaTO4YIQ%3D%3D"; VariantName = "[No Variations]"
Added Component: Designator=D14(L1IG0750100000000)
Add component (AddParameter): Name = "Datasheet Link"; Value = "https://www.lumileds.com/uploads/838/DS263-luxeon-ir-onyx-datasheet-pdf"; VariantName = "[No Variations]"
Add component (AddParameter): Name = "Manufacturer_Name"; Value = "Lumileds"; VariantName = "[No Variations]"
Add component (AddParameter): Name = "Manufacturer_Part_Number"; Value = "L1IG-0750100000000"; VariantName = "[No Variations]"
Add component (AddParameter): Name = "Mouser Part Number"; Value = "997-L1IG075010000"; VariantName = "[No Variations]"
Add component (AddParameter): Name = "Mouser Price/Stock"; Value = "https://www.mouser.co.uk/ProductDetail/Lumileds/L1IG-0750100000000?qs=UXgszm6BlbFsaqyaTO4YIQ%3D%3D"; VariantName = "[No Variations]"
Added Component: Designator=D15(L1IG0750100000000)
Add component (AddParameter): Name = "Datasheet Link"; Value = "https://www.lumileds.com/uploads/838/DS263-luxeon-ir-onyx-datasheet-pdf"; VariantName = "[No Variations]"
Add component (AddParameter): Name = "Manufacturer_Name"; Value = "Lumileds"; VariantName = "[No Variations]"
Add component (AddParameter): Name = "Manufacturer_Part_Number"; Value = "L1IG-0750100000000"; VariantName = "[No Variations]"
Add component (AddParameter): Name = "Mouser Part Number"; Value = "997-L1IG075010000"; VariantName = "[No Variations]"
Add component (AddParameter): Name = "Mouser Price/Stock"; Value = "https://www.mouser.co.uk/ProductDetail/Lumileds/L1IG-0750100000000?qs=UXgszm6BlbFsaqyaTO4YIQ%3D%3D"; VariantName = "[No Variations]"
Added Component: Designator=D16(L1IG0750100000000)
Add component (AddParameter): Name = "Datasheet Link"; Value = "https://www.lumileds.com/uploads/838/DS263-luxeon-ir-onyx-datasheet-pdf"; VariantName = "[No Variations]"
Add component (AddParameter): Name = "Manufacturer_Name"; Value = "Lumileds"; VariantName = "[No Variations]"
Add component (AddParameter): Name = "Manufacturer_Part_Number"; Value = "L1IG-0750100000000"; VariantName = "[No Variations]"
Add component (AddParameter): Name = "Mouser Part Number"; Value = "997-L1IG075010000"; VariantName = "[No Variations]"
Add component (AddParameter): Name = "Mouser Price/Stock"; Value = "https://www.mouser.co.uk/ProductDetail/Lumileds/L1IG-0750100000000?qs=UXgszm6BlbFsaqyaTO4YIQ%3D%3D"; VariantName = "[No Variations]"
Added Component: Designator=D17(L1IG0750100000000)
Add component (AddParameter): Name = "Datasheet Link"; Value = "https://www.lumileds.com/uploads/838/DS263-luxeon-ir-onyx-datasheet-pdf"; VariantName = "[No Variations]"
Add component (AddParameter): Name = "Manufacturer_Name"; Value = "Lumileds"; VariantName = "[No Variations]"
Add component (AddParameter): Name = "Manufacturer_Part_Number"; Value = "L1IG-0750100000000"; VariantName = "[No Variations]"
Add component (AddParameter): Name = "Mouser Part Number"; Value = "997-L1IG075010000"; VariantName = "[No Variations]"
Add component (AddParameter): Name = "Mouser Price/Stock"; Value = "https://www.mouser.co.uk/ProductDetail/Lumileds/L1IG-0750100000000?qs=UXgszm6BlbFsaqyaTO4YIQ%3D%3D"; VariantName = "[No Variations]"
Added Component: Designator=D18(L1IG0750100000000)
Add component (AddParameter): Name = "Datasheet Link"; Value = "https://www.lumileds.com/uploads/838/DS263-luxeon-ir-onyx-datasheet-pdf"; VariantName = "[No Variations]"
Add component (AddParameter): Name = "Manufacturer_Name"; Value = "Lumileds"; VariantName = "[No Variations]"
Add component (AddParameter): Name = "Manufacturer_Part_Number"; Value = "L1IG-0750100000000"; VariantName = "[No Variations]"
Add component (AddParameter): Name = "Mouser Part Number"; Value = "997-L1IG075010000"; VariantName = "[No Variations]"
Add component (AddParameter): Name = "Mouser Price/Stock"; Value = "https://www.mouser.co.uk/ProductDetail/Lumileds/L1IG-0750100000000?qs=UXgszm6BlbFsaqyaTO4YIQ%3D%3D"; VariantName = "[No Variations]"
Added Component: Designator=D19(L1IG0750100000000)
Add component (AddParameter): Name = "Datasheet Link"; Value = "https://www.lumileds.com/uploads/838/DS263-luxeon-ir-onyx-datasheet-pdf"; VariantName = "[No Variations]"
Add component (AddParameter): Name = "Manufacturer_Name"; Value = "Lumileds"; VariantName = "[No Variations]"
Add component (AddParameter): Name = "Manufacturer_Part_Number"; Value = "L1IG-0750100000000"; VariantName = "[No Variations]"
Add component (AddParameter): Name = "Mouser Part Number"; Value = "997-L1IG075010000"; VariantName = "[No Variations]"
Add component (AddParameter): Name = "Mouser Price/Stock"; Value = "https://www.mouser.co.uk/ProductDetail/Lumileds/L1IG-0750100000000?qs=UXgszm6BlbFsaqyaTO4YIQ%3D%3D"; VariantName = "[No Variations]"
Added Component: Designator=D20(L1IG0750100000000)
Add component (AddParameter): Name = "Datasheet Link"; Value = "https://www.lumileds.com/uploads/838/DS263-luxeon-ir-onyx-datasheet-pdf"; VariantName = "[No Variations]"
Add component (AddParameter): Name = "Manufacturer_Name"; Value = "Lumileds"; VariantName = "[No Variations]"
Add component (AddParameter): Name = "Manufacturer_Part_Number"; Value = "L1IG-0750100000000"; VariantName = "[No Variations]"
Add component (AddParameter): Name = "Mouser Part Number"; Value = "997-L1IG075010000"; VariantName = "[No Variations]"
Add component (AddParameter): Name = "Mouser Price/Stock"; Value = "https://www.mouser.co.uk/ProductDetail/Lumileds/L1IG-0750100000000?qs=UXgszm6BlbFsaqyaTO4YIQ%3D%3D"; VariantName = "[No Variations]"
Added Component: Designator=D21(L1IG0750100000000)
Add component (AddParameter): Name = "Datasheet Link"; Value = "https://www.lumileds.com/uploads/838/DS263-luxeon-ir-onyx-datasheet-pdf"; VariantName = "[No Variations]"
Add component (AddParameter): Name = "Manufacturer_Name"; Value = "Lumileds"; VariantName = "[No Variations]"
Add component (AddParameter): Name = "Manufacturer_Part_Number"; Value = "L1IG-0750100000000"; VariantName = "[No Variations]"
Add component (AddParameter): Name = "Mouser Part Number"; Value = "997-L1IG075010000"; VariantName = "[No Variations]"
Add component (AddParameter): Name = "Mouser Price/Stock"; Value = "https://www.mouser.co.uk/ProductDetail/Lumileds/L1IG-0750100000000?qs=UXgszm6BlbFsaqyaTO4YIQ%3D%3D"; VariantName = "[No Variations]"
Added Component: Designator=D22(L1IG0750100000000)
Add component (AddParameter): Name = "Datasheet Link"; Value = "https://www.lumileds.com/uploads/838/DS263-luxeon-ir-onyx-datasheet-pdf"; VariantName = "[No Variations]"
Add component (AddParameter): Name = "Manufacturer_Name"; Value = "Lumileds"; VariantName = "[No Variations]"
Add component (AddParameter): Name = "Manufacturer_Part_Number"; Value = "L1IG-0750100000000"; VariantName = "[No Variations]"
Add component (AddParameter): Name = "Mouser Part Number"; Value = "997-L1IG075010000"; VariantName = "[No Variations]"
Add component (AddParameter): Name = "Mouser Price/Stock"; Value = "https://www.mouser.co.uk/ProductDetail/Lumileds/L1IG-0750100000000?qs=UXgszm6BlbFsaqyaTO4YIQ%3D%3D"; VariantName = "[No Variations]"
Added Component: Designator=D23(L1IG0750100000000)
Add component (AddParameter): Name = "Datasheet Link"; Value = "https://www.lumileds.com/uploads/838/DS263-luxeon-ir-onyx-datasheet-pdf"; VariantName = "[No Variations]"
Add component (AddParameter): Name = "Manufacturer_Name"; Value = "Lumileds"; VariantName = "[No Variations]"
Add component (AddParameter): Name = "Manufacturer_Part_Number"; Value = "L1IG-0750100000000"; VariantName = "[No Variations]"
Add component (AddParameter): Name = "Mouser Part Number"; Value = "997-L1IG075010000"; VariantName = "[No Variations]"
Add component (AddParameter): Name = "Mouser Price/Stock"; Value = "https://www.mouser.co.uk/ProductDetail/Lumileds/L1IG-0750100000000?qs=UXgszm6BlbFsaqyaTO4YIQ%3D%3D"; VariantName = "[No Variations]"
Added Component: Designator=D24(L1IG0750100000000)
Add component (AddParameter): Name = "Datasheet Link"; Value = "https://www.lumileds.com/uploads/838/DS263-luxeon-ir-onyx-datasheet-pdf"; VariantName = "[No Variations]"
Add component (AddParameter): Name = "Manufacturer_Name"; Value = "Lumileds"; VariantName = "[No Variations]"
Add component (AddParameter): Name = "Manufacturer_Part_Number"; Value = "L1IG-0750100000000"; VariantName = "[No Variations]"
Add component (AddParameter): Name = "Mouser Part Number"; Value = "997-L1IG075010000"; VariantName = "[No Variations]"
Add component (AddParameter): Name = "Mouser Price/Stock"; Value = "https://www.mouser.co.uk/ProductDetail/Lumileds/L1IG-0750100000000?qs=UXgszm6BlbFsaqyaTO4YIQ%3D%3D"; VariantName = "[No Variations]"
Added Component: Designator=D25(L1IG0750100000000)
Add component (AddParameter): Name = "Datasheet Link"; Value = "https://www.lumileds.com/uploads/838/DS263-luxeon-ir-onyx-datasheet-pdf"; VariantName = "[No Variations]"
Add component (AddParameter): Name = "Manufacturer_Name"; Value = "Lumileds"; VariantName = "[No Variations]"
Add component (AddParameter): Name = "Manufacturer_Part_Number"; Value = "L1IG-0750100000000"; VariantName = "[No Variations]"
Add component (AddParameter): Name = "Mouser Part Number"; Value = "997-L1IG075010000"; VariantName = "[No Variations]"
Add component (AddParameter): Name = "Mouser Price/Stock"; Value = "https://www.mouser.co.uk/ProductDetail/Lumileds/L1IG-0750100000000?qs=UXgszm6BlbFsaqyaTO4YIQ%3D%3D"; VariantName = "[No Variations]"
Added Component: Designator=D26(L1IG0750100000000)
Add component (AddParameter): Name = "Datasheet Link"; Value = "https://www.lumileds.com/uploads/838/DS263-luxeon-ir-onyx-datasheet-pdf"; VariantName = "[No Variations]"
Add component (AddParameter): Name = "Manufacturer_Name"; Value = "Lumileds"; VariantName = "[No Variations]"
Add component (AddParameter): Name = "Manufacturer_Part_Number"; Value = "L1IG-0750100000000"; VariantName = "[No Variations]"
Add component (AddParameter): Name = "Mouser Part Number"; Value = "997-L1IG075010000"; VariantName = "[No Variations]"
Add component (AddParameter): Name = "Mouser Price/Stock"; Value = "https://www.mouser.co.uk/ProductDetail/Lumileds/L1IG-0750100000000?qs=UXgszm6BlbFsaqyaTO4YIQ%3D%3D"; VariantName = "[No Variations]"
Added Component: Designator=D27(L1IG0750100000000)
Add component (AddParameter): Name = "Datasheet Link"; Value = "https://www.lumileds.com/uploads/838/DS263-luxeon-ir-onyx-datasheet-pdf"; VariantName = "[No Variations]"
Add component (AddParameter): Name = "Manufacturer_Name"; Value = "Lumileds"; VariantName = "[No Variations]"
Add component (AddParameter): Name = "Manufacturer_Part_Number"; Value = "L1IG-0750100000000"; VariantName = "[No Variations]"
Add component (AddParameter): Name = "Mouser Part Number"; Value = "997-L1IG075010000"; VariantName = "[No Variations]"
Add component (AddParameter): Name = "Mouser Price/Stock"; Value = "https://www.mouser.co.uk/ProductDetail/Lumileds/L1IG-0750100000000?qs=UXgszm6BlbFsaqyaTO4YIQ%3D%3D"; VariantName = "[No Variations]"
Added Component: Designator=D28(L1IG0750100000000)
Add component (AddParameter): Name = "Datasheet Link"; Value = "https://www.lumileds.com/uploads/838/DS263-luxeon-ir-onyx-datasheet-pdf"; VariantName = "[No Variations]"
Add component (AddParameter): Name = "Manufacturer_Name"; Value = "Lumileds"; VariantName = "[No Variations]"
Add component (AddParameter): Name = "Manufacturer_Part_Number"; Value = "L1IG-0750100000000"; VariantName = "[No Variations]"
Add component (AddParameter): Name = "Mouser Part Number"; Value = "997-L1IG075010000"; VariantName = "[No Variations]"
Add component (AddParameter): Name = "Mouser Price/Stock"; Value = "https://www.mouser.co.uk/ProductDetail/Lumileds/L1IG-0750100000000?qs=UXgszm6BlbFsaqyaTO4YIQ%3D%3D"; VariantName = "[No Variations]"
Added Component: Designator=D29(L1IG0750100000000)
Add component (AddParameter): Name = "Datasheet Link"; Value = "https://www.lumileds.com/uploads/838/DS263-luxeon-ir-onyx-datasheet-pdf"; VariantName = "[No Variations]"
Add component (AddParameter): Name = "Manufacturer_Name"; Value = "Lumileds"; VariantName = "[No Variations]"
Add component (AddParameter): Name = "Manufacturer_Part_Number"; Value = "L1IG-0750100000000"; VariantName = "[No Variations]"
Add component (AddParameter): Name = "Mouser Part Number"; Value = "997-L1IG075010000"; VariantName = "[No Variations]"
Add component (AddParameter): Name = "Mouser Price/Stock"; Value = "https://www.mouser.co.uk/ProductDetail/Lumileds/L1IG-0750100000000?qs=UXgszm6BlbFsaqyaTO4YIQ%3D%3D"; VariantName = "[No Variations]"
Added Component: Designator=D30(L1IG0750100000000)
Add component (AddParameter): Name = "Datasheet Link"; Value = "https://www.lumileds.com/uploads/838/DS263-luxeon-ir-onyx-datasheet-pdf"; VariantName = "[No Variations]"
Add component (AddParameter): Name = "Manufacturer_Name"; Value = "Lumileds"; VariantName = "[No Variations]"
Add component (AddParameter): Name = "Manufacturer_Part_Number"; Value = "L1IG-0750100000000"; VariantName = "[No Variations]"
Add component (AddParameter): Name = "Mouser Part Number"; Value = "997-L1IG075010000"; VariantName = "[No Variations]"
Add component (AddParameter): Name = "Mouser Price/Stock"; Value = "https://www.mouser.co.uk/ProductDetail/Lumileds/L1IG-0750100000000?qs=UXgszm6BlbFsaqyaTO4YIQ%3D%3D"; VariantName = "[No Variations]"
Added Component: Designator=D31(L1IG0750100000000)
Add component (AddParameter): Name = "Datasheet Link"; Value = "https://www.lumileds.com/uploads/838/DS263-luxeon-ir-onyx-datasheet-pdf"; VariantName = "[No Variations]"
Add component (AddParameter): Name = "Manufacturer_Name"; Value = "Lumileds"; VariantName = "[No Variations]"
Add component (AddParameter): Name = "Manufacturer_Part_Number"; Value = "L1IG-0750100000000"; VariantName = "[No Variations]"
Add component (AddParameter): Name = "Mouser Part Number"; Value = "997-L1IG075010000"; VariantName = "[No Variations]"
Add component (AddParameter): Name = "Mouser Price/Stock"; Value = "https://www.mouser.co.uk/ProductDetail/Lumileds/L1IG-0750100000000?qs=UXgszm6BlbFsaqyaTO4YIQ%3D%3D"; VariantName = "[No Variations]"
Added Component: Designator=D32(L1IG0750100000000)
Add component (AddParameter): Name = "Datasheet Link"; Value = "https://www.lumileds.com/uploads/838/DS263-luxeon-ir-onyx-datasheet-pdf"; VariantName = "[No Variations]"
Add component (AddParameter): Name = "Manufacturer_Name"; Value = "Lumileds"; VariantName = "[No Variations]"
Add component (AddParameter): Name = "Manufacturer_Part_Number"; Value = "L1IG-0750100000000"; VariantName = "[No Variations]"
Add component (AddParameter): Name = "Mouser Part Number"; Value = "997-L1IG075010000"; VariantName = "[No Variations]"
Add component (AddParameter): Name = "Mouser Price/Stock"; Value = "https://www.mouser.co.uk/ProductDetail/Lumileds/L1IG-0750100000000?qs=UXgszm6BlbFsaqyaTO4YIQ%3D%3D"; VariantName = "[No Variations]"
Added Component: Designator=D33(L1IG0750100000000)
Add component (AddParameter): Name = "Datasheet Link"; Value = "https://www.lumileds.com/uploads/838/DS263-luxeon-ir-onyx-datasheet-pdf"; VariantName = "[No Variations]"
Add component (AddParameter): Name = "Manufacturer_Name"; Value = "Lumileds"; VariantName = "[No Variations]"
Add component (AddParameter): Name = "Manufacturer_Part_Number"; Value = "L1IG-0750100000000"; VariantName = "[No Variations]"
Add component (AddParameter): Name = "Mouser Part Number"; Value = "997-L1IG075010000"; VariantName = "[No Variations]"
Add component (AddParameter): Name = "Mouser Price/Stock"; Value = "https://www.mouser.co.uk/ProductDetail/Lumileds/L1IG-0750100000000?qs=UXgszm6BlbFsaqyaTO4YIQ%3D%3D"; VariantName = "[No Variations]"
Added Component: Designator=D34(L1IG0750100000000)
Add component (AddParameter): Name = "Datasheet Link"; Value = "https://www.lumileds.com/uploads/838/DS263-luxeon-ir-onyx-datasheet-pdf"; VariantName = "[No Variations]"
Add component (AddParameter): Name = "Manufacturer_Name"; Value = "Lumileds"; VariantName = "[No Variations]"
Add component (AddParameter): Name = "Manufacturer_Part_Number"; Value = "L1IG-0750100000000"; VariantName = "[No Variations]"
Add component (AddParameter): Name = "Mouser Part Number"; Value = "997-L1IG075010000"; VariantName = "[No Variations]"
Add component (AddParameter): Name = "Mouser Price/Stock"; Value = "https://www.mouser.co.uk/ProductDetail/Lumileds/L1IG-0750100000000?qs=UXgszm6BlbFsaqyaTO4YIQ%3D%3D"; VariantName = "[No Variations]"
Added Component: Designator=D35(L1IG0750100000000)
Add component (AddParameter): Name = "Datasheet Link"; Value = "https://www.lumileds.com/uploads/838/DS263-luxeon-ir-onyx-datasheet-pdf"; VariantName = "[No Variations]"
Add component (AddParameter): Name = "Manufacturer_Name"; Value = "Lumileds"; VariantName = "[No Variations]"
Add component (AddParameter): Name = "Manufacturer_Part_Number"; Value = "L1IG-0750100000000"; VariantName = "[No Variations]"
Add component (AddParameter): Name = "Mouser Part Number"; Value = "997-L1IG075010000"; VariantName = "[No Variations]"
Add component (AddParameter): Name = "Mouser Price/Stock"; Value = "https://www.mouser.co.uk/ProductDetail/Lumileds/L1IG-0750100000000?qs=UXgszm6BlbFsaqyaTO4YIQ%3D%3D"; VariantName = "[No Variations]"
Added Component: Designator=D36(L1IG0750100000000)
Add component (AddParameter): Name = "Datasheet Link"; Value = "https://www.lumileds.com/uploads/838/DS263-luxeon-ir-onyx-datasheet-pdf"; VariantName = "[No Variations]"
Add component (AddParameter): Name = "Manufacturer_Name"; Value = "Lumileds"; VariantName = "[No Variations]"
Add component (AddParameter): Name = "Manufacturer_Part_Number"; Value = "L1IG-0750100000000"; VariantName = "[No Variations]"
Add component (AddParameter): Name = "Mouser Part Number"; Value = "997-L1IG075010000"; VariantName = "[No Variations]"
Add component (AddParameter): Name = "Mouser Price/Stock"; Value = "https://www.mouser.co.uk/ProductDetail/Lumileds/L1IG-0750100000000?qs=UXgszm6BlbFsaqyaTO4YIQ%3D%3D"; VariantName = "[No Variations]"
Added Component: Designator=D37(L1IG0750100000000)
Add component (AddParameter): Name = "Datasheet Link"; Value = "https://www.lumileds.com/uploads/838/DS263-luxeon-ir-onyx-datasheet-pdf"; VariantName = "[No Variations]"
Add component (AddParameter): Name = "Manufacturer_Name"; Value = "Lumileds"; VariantName = "[No Variations]"
Add component (AddParameter): Name = "Manufacturer_Part_Number"; Value = "L1IG-0750100000000"; VariantName = "[No Variations]"
Add component (AddParameter): Name = "Mouser Part Number"; Value = "997-L1IG075010000"; VariantName = "[No Variations]"
Add component (AddParameter): Name = "Mouser Price/Stock"; Value = "https://www.mouser.co.uk/ProductDetail/Lumileds/L1IG-0750100000000?qs=UXgszm6BlbFsaqyaTO4YIQ%3D%3D"; VariantName = "[No Variations]"
Added Component: Designator=D38(L1IG0750100000000)
Add component (AddParameter): Name = "Datasheet Link"; Value = "https://www.lumileds.com/uploads/838/DS263-luxeon-ir-onyx-datasheet-pdf"; VariantName = "[No Variations]"
Add component (AddParameter): Name = "Manufacturer_Name"; Value = "Lumileds"; VariantName = "[No Variations]"
Add component (AddParameter): Name = "Manufacturer_Part_Number"; Value = "L1IG-0750100000000"; VariantName = "[No Variations]"
Add component (AddParameter): Name = "Mouser Part Number"; Value = "997-L1IG075010000"; VariantName = "[No Variations]"
Add component (AddParameter): Name = "Mouser Price/Stock"; Value = "https://www.mouser.co.uk/ProductDetail/Lumileds/L1IG-0750100000000?qs=UXgszm6BlbFsaqyaTO4YIQ%3D%3D"; VariantName = "[No Variations]"
Added Component: Designator=D39(L1IG0750100000000)
Add component (AddParameter): Name = "Datasheet Link"; Value = "https://www.lumileds.com/uploads/838/DS263-luxeon-ir-onyx-datasheet-pdf"; VariantName = "[No Variations]"
Add component (AddParameter): Name = "Manufacturer_Name"; Value = "Lumileds"; VariantName = "[No Variations]"
Add component (AddParameter): Name = "Manufacturer_Part_Number"; Value = "L1IG-0750100000000"; VariantName = "[No Variations]"
Add component (AddParameter): Name = "Mouser Part Number"; Value = "997-L1IG075010000"; VariantName = "[No Variations]"
Add component (AddParameter): Name = "Mouser Price/Stock"; Value = "https://www.mouser.co.uk/ProductDetail/Lumileds/L1IG-0750100000000?qs=UXgszm6BlbFsaqyaTO4YIQ%3D%3D"; VariantName = "[No Variations]"
Added Component: Designator=D40(L1IG0750100000000)
Add component (AddParameter): Name = "Datasheet Link"; Value = "https://www.lumileds.com/uploads/838/DS263-luxeon-ir-onyx-datasheet-pdf"; VariantName = "[No Variations]"
Add component (AddParameter): Name = "Manufacturer_Name"; Value = "Lumileds"; VariantName = "[No Variations]"
Add component (AddParameter): Name = "Manufacturer_Part_Number"; Value = "L1IG-0750100000000"; VariantName = "[No Variations]"
Add component (AddParameter): Name = "Mouser Part Number"; Value = "997-L1IG075010000"; VariantName = "[No Variations]"
Add component (AddParameter): Name = "Mouser Price/Stock"; Value = "https://www.mouser.co.uk/ProductDetail/Lumileds/L1IG-0750100000000?qs=UXgszm6BlbFsaqyaTO4YIQ%3D%3D"; VariantName = "[No Variations]"
Added Component: Designator=D41(L1IG0750100000000)
Add component (AddParameter): Name = "Datasheet Link"; Value = "https://www.lumileds.com/uploads/838/DS263-luxeon-ir-onyx-datasheet-pdf"; VariantName = "[No Variations]"
Add component (AddParameter): Name = "Manufacturer_Name"; Value = "Lumileds"; VariantName = "[No Variations]"
Add component (AddParameter): Name = "Manufacturer_Part_Number"; Value = "L1IG-0750100000000"; VariantName = "[No Variations]"
Add component (AddParameter): Name = "Mouser Part Number"; Value = "997-L1IG075010000"; VariantName = "[No Variations]"
Add component (AddParameter): Name = "Mouser Price/Stock"; Value = "https://www.mouser.co.uk/ProductDetail/Lumileds/L1IG-0750100000000?qs=UXgszm6BlbFsaqyaTO4YIQ%3D%3D"; VariantName = "[No Variations]"
Added Component: Designator=D42(L1IG0750100000000)
Add component (AddParameter): Name = "Datasheet Link"; Value = "https://www.lumileds.com/uploads/838/DS263-luxeon-ir-onyx-datasheet-pdf"; VariantName = "[No Variations]"
Add component (AddParameter): Name = "Manufacturer_Name"; Value = "Lumileds"; VariantName = "[No Variations]"
Add component (AddParameter): Name = "Manufacturer_Part_Number"; Value = "L1IG-0750100000000"; VariantName = "[No Variations]"
Add component (AddParameter): Name = "Mouser Part Number"; Value = "997-L1IG075010000"; VariantName = "[No Variations]"
Add component (AddParameter): Name = "Mouser Price/Stock"; Value = "https://www.mouser.co.uk/ProductDetail/Lumileds/L1IG-0750100000000?qs=UXgszm6BlbFsaqyaTO4YIQ%3D%3D"; VariantName = "[No Variations]"
Added Component: Designator=D43(L1IG0750100000000)
Add component (AddParameter): Name = "Datasheet Link"; Value = "https://www.lumileds.com/uploads/838/DS263-luxeon-ir-onyx-datasheet-pdf"; VariantName = "[No Variations]"
Add component (AddParameter): Name = "Manufacturer_Name"; Value = "Lumileds"; VariantName = "[No Variations]"
Add component (AddParameter): Name = "Manufacturer_Part_Number"; Value = "L1IG-0750100000000"; VariantName = "[No Variations]"
Add component (AddParameter): Name = "Mouser Part Number"; Value = "997-L1IG075010000"; VariantName = "[No Variations]"
Add component (AddParameter): Name = "Mouser Price/Stock"; Value = "https://www.mouser.co.uk/ProductDetail/Lumileds/L1IG-0750100000000?qs=UXgszm6BlbFsaqyaTO4YIQ%3D%3D"; VariantName = "[No Variations]"
Added Component: Designator=D44(L1IG0750100000000)
Add component (AddParameter): Name = "Datasheet Link"; Value = "https://www.lumileds.com/uploads/838/DS263-luxeon-ir-onyx-datasheet-pdf"; VariantName = "[No Variations]"
Add component (AddParameter): Name = "Manufacturer_Name"; Value = "Lumileds"; VariantName = "[No Variations]"
Add component (AddParameter): Name = "Manufacturer_Part_Number"; Value = "L1IG-0750100000000"; VariantName = "[No Variations]"
Add component (AddParameter): Name = "Mouser Part Number"; Value = "997-L1IG075010000"; VariantName = "[No Variations]"
Add component (AddParameter): Name = "Mouser Price/Stock"; Value = "https://www.mouser.co.uk/ProductDetail/Lumileds/L1IG-0750100000000?qs=UXgszm6BlbFsaqyaTO4YIQ%3D%3D"; VariantName = "[No Variations]"
Added Component: Designator=D45(L1IG0750100000000)
Add component (AddParameter): Name = "Datasheet Link"; Value = "https://www.lumileds.com/uploads/838/DS263-luxeon-ir-onyx-datasheet-pdf"; VariantName = "[No Variations]"
Add component (AddParameter): Name = "Manufacturer_Name"; Value = "Lumileds"; VariantName = "[No Variations]"
Add component (AddParameter): Name = "Manufacturer_Part_Number"; Value = "L1IG-0750100000000"; VariantName = "[No Variations]"
Add component (AddParameter): Name = "Mouser Part Number"; Value = "997-L1IG075010000"; VariantName = "[No Variations]"
Add component (AddParameter): Name = "Mouser Price/Stock"; Value = "https://www.mouser.co.uk/ProductDetail/Lumileds/L1IG-0750100000000?qs=UXgszm6BlbFsaqyaTO4YIQ%3D%3D"; VariantName = "[No Variations]"
Added Component: Designator=D46(L1IG0750100000000)
Add component (AddParameter): Name = "Datasheet Link"; Value = "https://www.lumileds.com/uploads/838/DS263-luxeon-ir-onyx-datasheet-pdf"; VariantName = "[No Variations]"
Add component (AddParameter): Name = "Manufacturer_Name"; Value = "Lumileds"; VariantName = "[No Variations]"
Add component (AddParameter): Name = "Manufacturer_Part_Number"; Value = "L1IG-0750100000000"; VariantName = "[No Variations]"
Add component (AddParameter): Name = "Mouser Part Number"; Value = "997-L1IG075010000"; VariantName = "[No Variations]"
Add component (AddParameter): Name = "Mouser Price/Stock"; Value = "https://www.mouser.co.uk/ProductDetail/Lumileds/L1IG-0750100000000?qs=UXgszm6BlbFsaqyaTO4YIQ%3D%3D"; VariantName = "[No Variations]"
Added Component: Designator=D47(L1IG0750100000000)
Add component (AddParameter): Name = "Datasheet Link"; Value = "https://www.lumileds.com/uploads/838/DS263-luxeon-ir-onyx-datasheet-pdf"; VariantName = "[No Variations]"
Add component (AddParameter): Name = "Manufacturer_Name"; Value = "Lumileds"; VariantName = "[No Variations]"
Add component (AddParameter): Name = "Manufacturer_Part_Number"; Value = "L1IG-0750100000000"; VariantName = "[No Variations]"
Add component (AddParameter): Name = "Mouser Part Number"; Value = "997-L1IG075010000"; VariantName = "[No Variations]"
Add component (AddParameter): Name = "Mouser Price/Stock"; Value = "https://www.mouser.co.uk/ProductDetail/Lumileds/L1IG-0750100000000?qs=UXgszm6BlbFsaqyaTO4YIQ%3D%3D"; VariantName = "[No Variations]"
Added Component: Designator=D48(L1IG0750100000000)
Add component (AddParameter): Name = "Datasheet Link"; Value = "https://www.lumileds.com/uploads/838/DS263-luxeon-ir-onyx-datasheet-pdf"; VariantName = "[No Variations]"
Add component (AddParameter): Name = "Manufacturer_Name"; Value = "Lumileds"; VariantName = "[No Variations]"
Add component (AddParameter): Name = "Manufacturer_Part_Number"; Value = "L1IG-0750100000000"; VariantName = "[No Variations]"
Add component (AddParameter): Name = "Mouser Part Number"; Value = "997-L1IG075010000"; VariantName = "[No Variations]"
Add component (AddParameter): Name = "Mouser Price/Stock"; Value = "https://www.mouser.co.uk/ProductDetail/Lumileds/L1IG-0750100000000?qs=UXgszm6BlbFsaqyaTO4YIQ%3D%3D"; VariantName = "[No Variations]"
Added Component: Designator=D49(L1IG0750100000000)
Add component (AddParameter): Name = "Datasheet Link"; Value = "https://www.lumileds.com/uploads/838/DS263-luxeon-ir-onyx-datasheet-pdf"; VariantName = "[No Variations]"
Add component (AddParameter): Name = "Manufacturer_Name"; Value = "Lumileds"; VariantName = "[No Variations]"
Add component (AddParameter): Name = "Manufacturer_Part_Number"; Value = "L1IG-0750100000000"; VariantName = "[No Variations]"
Add component (AddParameter): Name = "Mouser Part Number"; Value = "997-L1IG075010000"; VariantName = "[No Variations]"
Add component (AddParameter): Name = "Mouser Price/Stock"; Value = "https://www.mouser.co.uk/ProductDetail/Lumileds/L1IG-0750100000000?qs=UXgszm6BlbFsaqyaTO4YIQ%3D%3D"; VariantName = "[No Variations]"
Added Pin To Net: NetName=GND Pin=D1-1
Added Pin To Net: NetName=3V3 Pin=D1-2
Added Pin To Net: NetName=GND Pin=D2-1
Added Pin To Net: NetName=3V3 Pin=D2-2
Added Pin To Net: NetName=GND Pin=D3-1
Added Pin To Net: NetName=3V3 Pin=D3-2
Added Pin To Net: NetName=GND Pin=D4-1
Added Pin To Net: NetName=3V3 Pin=D4-2
Added Pin To Net: NetName=GND Pin=D5-1
Added Pin To Net: NetName=3V3 Pin=D5-2
Added Pin To Net: NetName=GND Pin=D6-1
Added Pin To Net: NetName=3V3 Pin=D6-2
Added Pin To Net: NetName=GND Pin=D7-1
Added Pin To Net: NetName=3V3 Pin=D7-2
Added Pin To Net: NetName=GND Pin=D8-1
Added Pin To Net: NetName=3V3 Pin=D8-2
Added Pin To Net: NetName=GND Pin=D9-1
Added Pin To Net: NetName=3V3 Pin=D9-2
Added Pin To Net: NetName=GND Pin=D10-1
Added Pin To Net: NetName=3V3 Pin=D10-2
Added Pin To Net: NetName=GND Pin=D11-1
Added Pin To Net: NetName=3V3 Pin=D11-2
Added Pin To Net: NetName=GND Pin=D12-1
Added Pin To Net: NetName=3V3 Pin=D12-2
Added Pin To Net: NetName=GND Pin=D13-1
Added Pin To Net: NetName=3V3 Pin=D13-2
Added Pin To Net: NetName=GND Pin=D14-1
Added Pin To Net: NetName=3V3 Pin=D14-2
Added Pin To Net: NetName=GND Pin=D15-1
Added Pin To Net: NetName=3V3 Pin=D15-2
Added Pin To Net: NetName=GND Pin=D16-1
Added Pin To Net: NetName=3V3 Pin=D16-2
Added Pin To Net: NetName=GND Pin=D17-1
Added Pin To Net: NetName=3V3 Pin=D17-2
Added Pin To Net: NetName=GND Pin=D18-1
Added Pin To Net: NetName=3V3 Pin=D18-2
Added Pin To Net: NetName=GND Pin=D19-1
Added Pin To Net: NetName=3V3 Pin=D19-2
Added Pin To Net: NetName=GND Pin=D20-1
Added Pin To Net: NetName=3V3 Pin=D20-2
Added Pin To Net: NetName=GND Pin=D21-1
Added Pin To Net: NetName=3V3 Pin=D21-2
Added Pin To Net: NetName=GND Pin=D22-1
Added Pin To Net: NetName=3V3 Pin=D22-2
Added Pin To Net: NetName=GND Pin=D23-1
Added Pin To Net: NetName=3V3 Pin=D23-2
Added Pin To Net: NetName=GND Pin=D24-1
Added Pin To Net: NetName=3V3 Pin=D24-2
Added Pin To Net: NetName=GND Pin=D25-1
Added Pin To Net: NetName=3V3 Pin=D25-2
Added Pin To Net: NetName=GND Pin=D26-1
Added Pin To Net: NetName=3V3 Pin=D26-2
Added Pin To Net: NetName=GND Pin=D27-1
Added Pin To Net: NetName=3V3 Pin=D27-2
Added Pin To Net: NetName=GND Pin=D28-1
Added Pin To Net: NetName=3V3 Pin=D28-2
Added Pin To Net: NetName=GND Pin=D29-1
Added Pin To Net: NetName=3V3 Pin=D29-2
Added Pin To Net: NetName=GND Pin=D30-1
Added Pin To Net: NetName=3V3 Pin=D30-2
Added Pin To Net: NetName=GND Pin=D31-1
Added Pin To Net: NetName=3V3 Pin=D31-2
Added Pin To Net: NetName=GND Pin=D32-1
Added Pin To Net: NetName=3V3 Pin=D32-2
Added Pin To Net: NetName=GND Pin=D33-1
Added Pin To Net: NetName=3V3 Pin=D33-2
Added Pin To Net: NetName=GND Pin=D34-1
Added Pin To Net: NetName=3V3 Pin=D34-2
Added Pin To Net: NetName=GND Pin=D35-1
Added Pin To Net: NetName=3V3 Pin=D35-2
Added Pin To Net: NetName=GND Pin=D36-1
Added Pin To Net: NetName=3V3 Pin=D36-2
Added Pin To Net: NetName=GND Pin=D37-1
Added Pin To Net: NetName=3V3 Pin=D37-2
Added Pin To Net: NetName=GND Pin=D38-1
Added Pin To Net: NetName=3V3 Pin=D38-2
Added Pin To Net: NetName=GND Pin=D39-1
Added Pin To Net: NetName=3V3 Pin=D39-2
Added Pin To Net: NetName=GND Pin=D40-1
Added Pin To Net: NetName=3V3 Pin=D40-2
Added Pin To Net: NetName=GND Pin=D41-1
Added Pin To Net: NetName=3V3 Pin=D41-2
Added Pin To Net: NetName=GND Pin=D42-1
Added Pin To Net: NetName=3V3 Pin=D42-2
Added Pin To Net: NetName=GND Pin=D43-1
Added Pin To Net: NetName=3V3 Pin=D43-2
Added Pin To Net: NetName=GND Pin=D44-1
Added Pin To Net: NetName=3V3 Pin=D44-2
Added Pin To Net: NetName=GND Pin=D45-1
Added Pin To Net: NetName=3V3 Pin=D45-2
Added Pin To Net: NetName=GND Pin=D46-1
Added Pin To Net: NetName=3V3 Pin=D46-2
Added Pin To Net: NetName=GND Pin=D47-1
Added Pin To Net: NetName=3V3 Pin=D47-2
Added Pin To Net: NetName=GND Pin=D48-1
Added Pin To Net: NetName=3V3 Pin=D48-2
Added Pin To Net: NetName=GND Pin=D49-1
Added Pin To Net: NetName=3V3 Pin=D49-2
Added Member To Class: ClassName=Led Panel Member=Component D1 L1IG-0750100000000
Added Member To Class: ClassName=Led Panel Member=Component D2 L1IG-0750100000000
Added Member To Class: ClassName=Led Panel Member=Component D3 L1IG-0750100000000
Added Member To Class: ClassName=Led Panel Member=Component D4 L1IG-0750100000000
Added Member To Class: ClassName=Led Panel Member=Component D5 L1IG-0750100000000
Added Member To Class: ClassName=Led Panel Member=Component D6 L1IG-0750100000000
Added Member To Class: ClassName=Led Panel Member=Component D7 L1IG-0750100000000
Added Member To Class: ClassName=Led Panel Member=Component D8 L1IG-0750100000000
Added Member To Class: ClassName=Led Panel Member=Component D9 L1IG-0750100000000
Added Member To Class: ClassName=Led Panel Member=Component D10 L1IG-0750100000000
Added Member To Class: ClassName=Led Panel Member=Component D11 L1IG-0750100000000
Added Member To Class: ClassName=Led Panel Member=Component D12 L1IG-0750100000000
Added Member To Class: ClassName=Led Panel Member=Component D13 L1IG-0750100000000
Added Member To Class: ClassName=Led Panel Member=Component D14 L1IG-0750100000000
Added Member To Class: ClassName=Led Panel Member=Component D15 L1IG-0750100000000
Added Member To Class: ClassName=Led Panel Member=Component D16 L1IG-0750100000000
Added Member To Class: ClassName=Led Panel Member=Component D17 L1IG-0750100000000
Added Member To Class: ClassName=Led Panel Member=Component D18 L1IG-0750100000000
Added Member To Class: ClassName=Led Panel Member=Component D19 L1IG-0750100000000
Added Member To Class: ClassName=Led Panel Member=Component D20 L1IG-0750100000000
Added Member To Class: ClassName=Led Panel Member=Component D21 L1IG-0750100000000
Added Member To Class: ClassName=Led Panel Member=Component D22 L1IG-0750100000000
Added Member To Class: ClassName=Led Panel Member=Component D23 L1IG-0750100000000
Added Member To Class: ClassName=Led Panel Member=Component D24 L1IG-0750100000000
Added Member To Class: ClassName=Led Panel Member=Component D25 L1IG-0750100000000
Added Member To Class: ClassName=Led Panel Member=Component D26 L1IG-0750100000000
Added Member To Class: ClassName=Led Panel Member=Component D27 L1IG-0750100000000
Added Member To Class: ClassName=Led Panel Member=Component D28 L1IG-0750100000000
Added Member To Class: ClassName=Led Panel Member=Component D29 L1IG-0750100000000
Added Member To Class: ClassName=Led Panel Member=Component D30 L1IG-0750100000000
Added Member To Class: ClassName=Led Panel Member=Component D31 L1IG-0750100000000
Added Member To Class: ClassName=Led Panel Member=Component D32 L1IG-0750100000000
Added Member To Class: ClassName=Led Panel Member=Component D33 L1IG-0750100000000
Added Member To Class: ClassName=Led Panel Member=Component D34 L1IG-0750100000000
Added Member To Class: ClassName=Led Panel Member=Component D35 L1IG-0750100000000
Added Member To Class: ClassName=Led Panel Member=Component D36 L1IG-0750100000000
Added Member To Class: ClassName=Led Panel Member=Component D37 L1IG-0750100000000
Added Member To Class: ClassName=Led Panel Member=Component D38 L1IG-0750100000000
Added Member To Class: ClassName=Led Panel Member=Component D39 L1IG-0750100000000
Added Member To Class: ClassName=Led Panel Member=Component D40 L1IG-0750100000000
Added Member To Class: ClassName=Led Panel Member=Component D41 L1IG-0750100000000
Added Member To Class: ClassName=Led Panel Member=Component D42 L1IG-0750100000000
Added Member To Class: ClassName=Led Panel Member=Component D43 L1IG-0750100000000
Added Member To Class: ClassName=Led Panel Member=Component D44 L1IG-0750100000000
Added Member To Class: ClassName=Led Panel Member=Component D45 L1IG-0750100000000
Added Member To Class: ClassName=Led Panel Member=Component D46 L1IG-0750100000000
Added Member To Class: ClassName=Led Panel Member=Component D47 L1IG-0750100000000
Added Member To Class: ClassName=Led Panel Member=Component D48 L1IG-0750100000000
Added Member To Class: ClassName=Led Panel Member=Component D49 L1IG-0750100000000
Added Room: Name=Led Panel
